#
# There is insufficient memory for the Java Runtime Environment to continue.
# Native memory allocation (malloc) failed to allocate 1048576 bytes for AllocateHeap
# Possible reasons:
#   The system is out of physical RAM or swap space
#   In 32 bit mode, the process size limit was hit
# Possible solutions:
#   Reduce memory load on the system
#   Increase physical memory or swap space
#   Check if swap backing store is full
#   Use 64 bit Java on a 64 bit OS
#   Decrease Java heap size (-Xmx/-Xms)
#   Decrease number of Java threads
#   Decrease Java thread stack sizes (-Xss)
#   Set larger code cache with -XX:ReservedCodeCacheSize=
# This output file may be truncated or incomplete.
#
#  Out of Memory Error (memory/allocation.inline.hpp:61), pid=12956, tid=0x00000000000070fc
#
# JRE version:  (8.0_191-b12) (build )
# Java VM: Java HotSpot(TM) 64-Bit Server VM (25.191-b12 mixed mode windows-amd64 compressed oops)
# Failed to write core dump. Minidumps are not enabled by default on client versions of Windows
#

---------------  T H R E A D  ---------------

Current thread (0x000000000271e000):  JavaThread "Unknown thread" [_thread_in_vm, id=28924, stack(0x0000000002440000,0x0000000002540000)]

Stack: [0x0000000002440000,0x0000000002540000]
[error occurred during error reporting (printing stack bounds), id 0xc0000005]

Native frames: (J=compiled Java code, j=interpreted, Vv=VM code, C=native code)


---------------  P R O C E S S  ---------------

Java Threads: ( => current thread )

Other Threads:

=>0x000000000271e000 (exited) JavaThread "Unknown thread" [_thread_in_vm, id=28924, stack(0x0000000002440000,0x0000000002540000)]

VM state:not at safepoint (normal execution)

VM Mutex/Monitor currently owned by a thread: None

Heap:
 PSYoungGen      total 75776K, used 1300K [0x000000076b700000, 0x0000000770b80000, 0x00000007c0000000)
  eden space 65024K, 2% used [0x000000076b700000,0x000000076b8451f8,0x000000076f680000)
  from space 10752K, 0% used [0x0000000770100000,0x0000000770100000,0x0000000770b80000)
  to   space 10752K, 0% used [0x000000076f680000,0x000000076f680000,0x0000000770100000)
 ParOldGen       total 173568K, used 0K [0x00000006c2400000, 0x00000006ccd80000, 0x000000076b700000)
  object space 173568K, 0% used [0x00000006c2400000,0x00000006c2400000,0x00000006ccd80000)
 Metaspace       used 751K, capacity 4480K, committed 4480K, reserved 1056768K
  class space    used 76K, capacity 384K, committed 384K, reserved 1048576K

Card table byte_map: [0x0000000011ae0000,0x00000000122d0000] byte_map_base: 0x000000000e4ce000

Marking Bits: (ParMarkBitMap*) 0x00000000650c3e30
 Begin Bits: [0x0000000013220000, 0x0000000017190000)
 End Bits:   [0x0000000017190000, 0x000000001b100000)

Polling page: 0x00000000001e0000

CodeCache: size=245760Kb used=328Kb max_used=328Kb free=245431Kb
 bounds [0x0000000002720000, 0x0000000002990000, 0x0000000011720000]
 total_blobs=58 nmethods=0 adapters=38
 compilation: enabled

Compilation events (0 events):
No events

GC Heap History (0 events):
No events

Deoptimization events (0 events):
No events

Classes redefined (0 events):
No events

Internal exceptions (0 events):
No events

Events (10 events):
Event: 0.033 loading class java/lang/Short
Event: 0.033 loading class java/lang/Short done
Event: 0.033 loading class java/lang/Integer
Event: 0.033 loading class java/lang/Integer done
Event: 0.033 loading class java/lang/Long
Event: 0.033 loading class java/lang/Long done
Event: 0.034 loading class java/lang/NullPointerException
Event: 0.034 loading class java/lang/NullPointerException done
Event: 0.034 loading class java/lang/ArithmeticException
Event: 0.034 loading class java/lang/ArithmeticException done


Dynamic libraries:
0x00007ff6639d0000 - 0x00007ff663a07000 	C:\Program Files\Java\jre1.8.0_191\bin\javaw.exe
0x00007ffe048c0000 - 0x00007ffe04aa1000 	C:\WINDOWS\SYSTEM32\ntdll.dll
0x00007ffe03cb0000 - 0x00007ffe03d62000 	C:\WINDOWS\System32\KERNEL32.DLL
0x00007ffe01980000 - 0x00007ffe01bf3000 	C:\WINDOWS\System32\KERNELBASE.dll
0x00007ffe03f60000 - 0x00007ffe04001000 	C:\WINDOWS\System32\ADVAPI32.dll
0x00007ffe045f0000 - 0x00007ffe0468e000 	C:\WINDOWS\System32\msvcrt.dll
0x00007ffe04220000 - 0x00007ffe0427b000 	C:\WINDOWS\System32\sechost.dll
0x00007ffe01d50000 - 0x00007ffe01e74000 	C:\WINDOWS\System32\RPCRT4.dll
0x00007ffe04280000 - 0x00007ffe04410000 	C:\WINDOWS\System32\USER32.dll
0x00007ffe00e20000 - 0x00007ffe00e40000 	C:\WINDOWS\System32\win32u.dll
0x00007ffe04100000 - 0x00007ffe04128000 	C:\WINDOWS\System32\GDI32.dll
0x00007ffe017e0000 - 0x00007ffe01972000 	C:\WINDOWS\System32\gdi32full.dll
0x00007ffe01740000 - 0x00007ffe017df000 	C:\WINDOWS\System32\msvcp_win.dll
0x00007ffe01c00000 - 0x00007ffe01cf8000 	C:\WINDOWS\System32\ucrtbase.dll
0x00007ffdf6020000 - 0x00007ffdf6289000 	C:\WINDOWS\WinSxS\amd64_microsoft.windows.common-controls_6595b64144ccf1df_6.0.17134.648_none_fb45a0e93062a6d2\COMCTL32.dll
0x00007ffe03770000 - 0x00007ffe03a92000 	C:\WINDOWS\System32\combase.dll
0x00007ffe00cf0000 - 0x00007ffe00d6a000 	C:\WINDOWS\System32\bcryptPrimitives.dll
0x00007ffe04020000 - 0x00007ffe0404d000 	C:\WINDOWS\System32\IMM32.DLL
0x0000000064610000 - 0x00000000646e2000 	C:\Program Files\Java\jre1.8.0_191\bin\msvcr100.dll
0x00000000648a0000 - 0x0000000065144000 	C:\Program Files\Java\jre1.8.0_191\bin\server\jvm.dll
0x00007ffe03b70000 - 0x00007ffe03b78000 	C:\WINDOWS\System32\PSAPI.DLL
0x00007ffdf0150000 - 0x00007ffdf0159000 	C:\WINDOWS\SYSTEM32\WSOCK32.dll
0x00007ffdfba20000 - 0x00007ffdfba2a000 	C:\WINDOWS\SYSTEM32\VERSION.dll
0x00007ffdf8090000 - 0x00007ffdf80b3000 	C:\WINDOWS\SYSTEM32\WINMM.dll
0x00007ffe03c20000 - 0x00007ffe03c8c000 	C:\WINDOWS\System32\WS2_32.dll
0x00007ffdf8060000 - 0x00007ffdf808a000 	C:\WINDOWS\SYSTEM32\winmmbase.dll
0x00007ffe01d00000 - 0x00007ffe01d49000 	C:\WINDOWS\System32\cfgmgr32.dll
0x00000000647b0000 - 0x00000000647bf000 	C:\Program Files\Java\jre1.8.0_191\bin\verify.dll
0x0000000064780000 - 0x00000000647a9000 	C:\Program Files\Java\jre1.8.0_191\bin\java.dll
0x0000000064760000 - 0x0000000064776000 	C:\Program Files\Java\jre1.8.0_191\bin\zip.dll

VM Arguments:
jvm_args: -Dfile.encoding=Cp1252 
java_command: Restaurant_Application
java_class_path (initial): D:\workspace\OOP_Compiled\bin;C:\Users\Brenda\.p2\pool\plugins\org.junit_4.12.0.v201504281640\junit.jar
Launcher Type: SUN_STANDARD

Environment Variables:
PATH=C:/Program Files/Java/jre1.8.0_191/bin/server;C:/Program Files/Java/jre1.8.0_191/bin;C:/Program Files/Java/jre1.8.0_191/lib/amd64;C:\Program Files (x86)\Common Files\Oracle\Java\javapath;C:\Program Files (x86)\Intel\Intel(R) Management Engine Components\iCLS\;C:\Program Files\Intel\Intel(R) Management Engine Components\iCLS\;C:\Windows\system32;C:\Windows;C:\Windows\System32\Wbem;C:\Windows\System32\WindowsPowerShell\v1.0\;C:\Program Files (x86)\Intel\Intel(R) Management Engine Components\DAL;C:\Program Files\Intel\Intel(R) Management Engine Components\DAL;C:\Program Files (x86)\Intel\Intel(R) Management Engine Components\IPT;C:\Program Files\Intel\Intel(R) Management Engine Components\IPT;C:\Program Files\Intel\WiFi\bin\;C:\Program Files\Common Files\Intel\WirelessCommon\;C:\Program Files (x86)\NVIDIA Corporation\PhysX\Common;C:\WINDOWS\system32;C:\WINDOWS;C:\WINDOWS\System32\Wbem;C:\WINDOWS\System32\WindowsPowerShell\v1.0\;C:\WINDOWS\System32\OpenSSH\;C:\Program Files (x86)\Graphviz2.38\bin;C:\Users\Brenda\AppData\Local\Microsoft\WindowsApps;;C:\WINDOWS\System32;
USERNAME=Brenda
OS=Windows_NT
PROCESSOR_IDENTIFIER=Intel64 Family 6 Model 158 Stepping 10, GenuineIntel



---------------  S Y S T E M  ---------------

OS: Windows 10.0 , 64 bit Build 17134 (10.0.17134.648)

CPU:total 12 (initial active 12) (6 cores per cpu, 2 threads per core) family 6 model 158 stepping 10, cmov, cx8, fxsr, mmx, sse, sse2, sse3, ssse3, sse4.1, sse4.2, popcnt, avx, avx2, aes, clmul, erms, 3dnowpref, lzcnt, ht, tsc, tscinvbit, bmi1, bmi2, adx

Memory: 4k page, physical 16628604k(8268224k free), swap 32120056k(5520k free)

vm_info: Java HotSpot(TM) 64-Bit Server VM (25.191-b12) for windows-amd64 JRE (1.8.0_191-b12), built on Oct  6 2018 09:29:03 by "java_re" with MS VC++ 10.0 (VS2010)

time: Thu Apr 18 01:53:48 2019
elapsed time: 0 seconds (0d 0h 0m 0s)

